# JRE version: Java(TM) SE Runtime Environment (8.0_181-b13) (build 1.8.0_181-b13)
# Java VM: Java HotSpot(TM) 64-Bit Server VM (25.181-b13 mixed mode windows-amd64 compressed oops)
Heap:
 PSYoungGen      total 270336K, used 174243K [0x000000076b400000, 0x000000077c400000, 0x00000007c0000000)
  eden space 262144K, 63% used [0x000000076b400000,0x0000000775641a30,0x000000077b400000)
  from space 8192K, 98% used [0x000000077bc00000,0x000000077c3e7338,0x000000077c400000)
  to   space 8192K, 0% used [0x000000077b400000,0x000000077b400000,0x000000077bc00000)
 ParOldGen       total 175104K, used 40K [0x00000006c1c00000, 0x00000006cc700000, 0x000000076b400000)
  object space 175104K, 0% used [0x00000006c1c00000,0x00000006c1c0a000,0x00000006cc700000)
 Metaspace       used 11939K, capacity 12079K, committed 12232K, reserved 1060864K
  class space    used 806K, capacity 853K, committed 896K, reserved 1048576K
GC Heap History (10 events):
Event: 1.610 GC heap before
{Heap before GC invocations=2 (full 0):
 PSYoungGen      total 76288K, used 73266K [0x000000076b400000, 0x0000000770900000, 0x00000007c0000000)
  eden space 65536K, 100% used [0x000000076b400000,0x000000076f400000,0x000000076f400000)
  from space 10752K, 71% used [0x000000076f400000,0x000000076fb8c8c0,0x000000076fe80000)
  to   space 10752K, 0% used [0x000000076fe80000,0x000000076fe80000,0x0000000770900000)
 ParOldGen       total 175104K, used 8K [0x00000006c1c00000, 0x00000006cc700000, 0x000000076b400000)
  object space 175104K, 0% used [0x00000006c1c00000,0x00000006c1c02000,0x00000006cc700000)
 Metaspace       used 8798K, capacity 8973K, committed 9088K, reserved 1056768K
  class space    used 756K, capacity 789K, committed 896K, reserved 1048576K
Event: 1.648 GC heap after
Heap after GC invocations=2 (full 0):
 PSYoungGen      total 76288K, used 7525K [0x000000076b400000, 0x0000000774900000, 0x00000007c0000000)
  eden space 65536K, 0% used [0x000000076b400000,0x000000076b400000,0x000000076f400000)
  from space 10752K, 69% used [0x000000076fe80000,0x00000007705d97b8,0x0000000770900000)
  to   space 10752K, 0% used [0x000000076f400000,0x000000076f400000,0x000000076fe80000)
 ParOldGen       total 175104K, used 16K [0x00000006c1c00000, 0x00000006cc700000, 0x000000076b400000)
  object space 175104K, 0% used [0x00000006c1c00000,0x00000006c1c04000,0x00000006cc700000)
 Metaspace       used 8798K, capacity 8973K, committed 9088K, reserved 1056768K
  class space    used 756K, capacity 789K, committed 896K, reserved 1048576K
}
Event: 1.731 GC heap before
{Heap before GC invocations=3 (full 0):
 PSYoungGen      total 76288K, used 73061K [0x000000076b400000, 0x0000000774900000, 0x00000007c0000000)
  eden space 65536K, 100% used [0x000000076b400000,0x000000076f400000,0x000000076f400000)
  from space 10752K, 69% used [0x000000076fe80000,0x00000007705d97b8,0x0000000770900000)
  to   space 10752K, 0% used [0x000000076f400000,0x000000076f400000,0x000000076fe80000)
 ParOldGen       total 175104K, used 16K [0x00000006c1c00000, 0x00000006cc700000, 0x000000076b400000)
  object space 175104K, 0% used [0x00000006c1c00000,0x00000006c1c04000,0x00000006cc700000)
 Metaspace       used 8798K, capacity 8973K, committed 9088K, reserved 1056768K
  class space    used 756K, capacity 789K, committed 896K, reserved 1048576K
Event: 1.750 GC heap after
Heap after GC invocations=3 (full 0):
 PSYoungGen      total 76288K, used 7835K [0x000000076b400000, 0x0000000774900000, 0x00000007c0000000)
  eden space 65536K, 0% used [0x000000076b400000,0x000000076b400000,0x000000076f400000)
  from space 10752K, 72% used [0x000000076f400000,0x000000076fba6d20,0x000000076fe80000)
  to   space 10752K, 0% used [0x0000000773e80000,0x0000000773e80000,0x0000000774900000)
 ParOldGen       total 175104K, used 24K [0x00000006c1c00000, 0x00000006cc700000, 0x000000076b400000)
  object space 175104K, 0% used [0x00000006c1c00000,0x00000006c1c06000,0x00000006cc700000)
 Metaspace       used 8798K, capacity 8973K, committed 9088K, reserved 1056768K
  class space    used 756K, capacity 789K, committed 896K, reserved 1048576K
}
Event: 1.823 GC heap before
{Heap before GC invocations=4 (full 0):
 PSYoungGen      total 76288K, used 73371K [0x000000076b400000, 0x0000000774900000, 0x00000007c0000000)
  eden space 65536K, 100% used [0x000000076b400000,0x000000076f400000,0x000000076f400000)
  from space 10752K, 72% used [0x000000076f400000,0x000000076fba6d20,0x000000076fe80000)
  to   space 10752K, 0% used [0x0000000773e80000,0x0000000773e80000,0x0000000774900000)
 ParOldGen       total 175104K, used 24K [0x00000006c1c00000, 0x00000006cc700000, 0x000000076b400000)
  object space 175104K, 0% used [0x00000006c1c00000,0x00000006c1c06000,0x00000006cc700000)
 Metaspace       used 9254K, capacity 9404K, committed 9712K, reserved 1058816K
  class space    used 757K, capacity 789K, committed 896K, reserved 1048576K
Event: 1.827 GC heap after
Heap after GC invocations=4 (full 0):
 PSYoungGen      total 141824K, used 7564K [0x000000076b400000, 0x0000000774900000, 0x00000007c0000000)
  eden space 131072K, 0% used [0x000000076b400000,0x000000076b400000,0x0000000773400000)
  from space 10752K, 70% used [0x0000000773e80000,0x00000007745e3328,0x0000000774900000)
  to   space 10752K, 0% used [0x0000000773400000,0x0000000773400000,0x0000000773e80000)
 ParOldGen       total 175104K, used 32K [0x00000006c1c00000, 0x00000006cc700000, 0x000000076b400000)
  object space 175104K, 0% used [0x00000006c1c00000,0x00000006c1c08000,0x00000006cc700000)
 Metaspace       used 9254K, capacity 9404K, committed 9712K, reserved 1058816K
  class space    used 757K, capacity 789K, committed 896K, reserved 1048576K
}
Event: 1.984 GC heap before
{Heap before GC invocations=5 (full 0):
 PSYoungGen      total 141824K, used 138636K [0x000000076b400000, 0x0000000774900000, 0x00000007c0000000)
  eden space 131072K, 100% used [0x000000076b400000,0x0000000773400000,0x0000000773400000)
  from space 10752K, 70% used [0x0000000773e80000,0x00000007745e3328,0x0000000774900000)
  to   space 10752K, 0% used [0x0000000773400000,0x0000000773400000,0x0000000773e80000)
 ParOldGen       total 175104K, used 32K [0x00000006c1c00000, 0x00000006cc700000, 0x000000076b400000)
  object space 175104K, 0% used [0x00000006c1c00000,0x00000006c1c08000,0x00000006cc700000)
 Metaspace       used 9683K, capacity 9834K, committed 10080K, reserved 1058816K
  class space    used 757K, capacity 789K, committed 896K, reserved 1048576K
Event: 1.988 GC heap after
Heap after GC invocations=5 (full 0):
 PSYoungGen      total 141824K, used 7772K [0x000000076b400000, 0x000000077c400000, 0x00000007c0000000)
  eden space 131072K, 0% used [0x000000076b400000,0x000000076b400000,0x0000000773400000)
  from space 10752K, 72% used [0x0000000773400000,0x0000000773b97348,0x0000000773e80000)
  to   space 8192K, 0% used [0x000000077bc00000,0x000000077bc00000,0x000000077c400000)
 ParOldGen       total 175104K, used 32K [0x00000006c1c00000, 0x00000006cc700000, 0x000000076b400000)
  object space 175104K, 0% used [0x00000006c1c00000,0x00000006c1c08000,0x00000006cc700000)
 Metaspace       used 9683K, capacity 9834K, committed 10080K, reserved 1058816K
  class space    used 757K, capacity 789K, committed 896K, reserved 1048576K
}
Event: 2.143 GC heap before
{Heap before GC invocations=6 (full 0):
 PSYoungGen      total 141824K, used 138844K [0x000000076b400000, 0x000000077c400000, 0x00000007c0000000)
  eden space 131072K, 100% used [0x000000076b400000,0x0000000773400000,0x0000000773400000)
  from space 10752K, 72% used [0x0000000773400000,0x0000000773b97348,0x0000000773e80000)
  to   space 8192K, 0% used [0x000000077bc00000,0x000000077bc00000,0x000000077c400000)
 ParOldGen       total 175104K, used 32K [0x00000006c1c00000, 0x00000006cc700000, 0x000000076b400000)
  object space 175104K, 0% used [0x00000006c1c00000,0x00000006c1c08000,0x00000006cc700000)
 Metaspace       used 10176K, capacity 10328K, committed 10448K, reserved 1058816K
  class space    used 758K, capacity 789K, committed 896K, reserved 1048576K
Event: 2.158 GC heap after
Heap after GC invocations=6 (full 0):
 PSYoungGen      total 270336K, used 8092K [0x000000076b400000, 0x000000077c400000, 0x00000007c0000000)
  eden space 262144K, 0% used [0x000000076b400000,0x000000076b400000,0x000000077b400000)
  from space 8192K, 98% used [0x000000077bc00000,0x000000077c3e7338,0x000000077c400000)
  to   space 8192K, 0% used [0x000000077b400000,0x000000077b400000,0x000000077bc00000)
 ParOldGen       total 175104K, used 40K [0x00000006c1c00000, 0x00000006cc700000, 0x000000076b400000)
  object space 175104K, 0% used [0x00000006c1c00000,0x00000006c1c0a000,0x00000006cc700000)
 Metaspace       used 10176K, capacity 10328K, committed 10448K, reserved 1058816K
  class space    used 758K, capacity 789K, committed 896K, reserved 1048576K
}

